<?xml version="1.0" encoding="UTF-8"?>
<!-- Generated by org.testng.reporters.JUnitReportReporter -->
<testsuite hostname="T6M99Q9PX4" failures="0" tests="1" name="TestFSChallenge" time="5.007" errors="0" timestamp="2022-04-02T03:33:21 EDT" skipped="0">
  <testcase classname="TestFSChallenge" name="test" time="5.007"/>
  <system-out/>
</testsuite> <!-- TestFSChallenge -->
